<?xml version="1.0" encoding="UTF-8"?>
<!-- Generated by org.testng.reporters.JUnitReportReporter -->
<testsuite skipped="0" hostname="Veeras-MacBook-Pro.local" name="com.testcases.TC_01" tests="1" failures="0" timestamp="2021-05-22T08:38:12 IST" time="11.176" errors="0">
  <testcase name="Tc_01_RegisterUser" time="11.176" classname="com.testcases.TC_01"/>
  <system-out/>
</testsuite> <!-- com.testcases.TC_01 -->
